<?xml version="1.0" encoding="UTF-8"?>
<!-- Generated by org.testng.reporters.JUnitXMLReporter -->
<testsuite hostname="Maruthis-MacBook-Pro.local" ignored="0" name="Default test" tests="2" failures="1" timestamp="31 Jan 2019 10:13:53 GMT" time="18.186" errors="0">
  <testcase name="Setup" time="5.414" classname="CapGemini.AutomationPractice.BaseTest"/>
  <testcase name="buyDress_MaxRate" time="12.702" classname="CapGemini.AutomationPractice.Shop_Dresses_Test">
    <failure type="java.lang.AssertionError" message="No elements found on the page with identificaiton : By.className: ajax_cart_quantity unvisible">
      <![CDATA[java.lang.AssertionError: No elements found on the page with identificaiton : By.className: ajax_cart_quantity unvisible
at org.testng.Assert.fail(Assert.java:96)
at CapGemini.AutomationPractice.Framework_CoreFunctions.getElement(Framework_CoreFunctions.java:31)
at CapGemini.AutomationPractice.Framework_CoreFunctions.getAttribute_Element(Framework_CoreFunctions.java:75)
at CapGemini.AutomationPractice.Home_Page.checkCart_ProductCount(Home_Page.java:119)
at CapGemini.AutomationPractice.Shop_Dresses_Test.buyDress_MaxRate(Shop_Dresses_Test.java:19)
at sun.reflect.NativeMethodAccessorImpl.invoke0(Native Method)
at sun.reflect.NativeMethodAccessorImpl.invoke(NativeMethodAccessorImpl.java:62)
at sun.reflect.DelegatingMethodAccessorImpl.invoke(DelegatingMethodAccessorImpl.java:43)
at java.lang.reflect.Method.invoke(Method.java:498)
at org.testng.internal.MethodInvocationHelper.invokeMethod(MethodInvocationHelper.java:124)
at org.testng.internal.Invoker.invokeMethod(Invoker.java:583)
at org.testng.internal.Invoker.invokeTestMethod(Invoker.java:719)
at org.testng.internal.Invoker.invokeTestMethods(Invoker.java:989)
at org.testng.internal.TestMethodWorker.invokeTestMethods(TestMethodWorker.java:125)
at org.testng.internal.TestMethodWorker.run(TestMethodWorker.java:109)
at org.testng.TestRunner.privateRun(TestRunner.java:648)
at org.testng.TestRunner.run(TestRunner.java:505)
at org.testng.SuiteRunner.runTest(SuiteRunner.java:455)
at org.testng.SuiteRunner.runSequentially(SuiteRunner.java:450)
at org.testng.SuiteRunner.privateRun(SuiteRunner.java:415)
at org.testng.SuiteRunner.run(SuiteRunner.java:364)
at org.testng.SuiteRunnerWorker.runSuite(SuiteRunnerWorker.java:52)
at org.testng.SuiteRunnerWorker.run(SuiteRunnerWorker.java:84)
at org.testng.TestNG.runSuitesSequentially(TestNG.java:1208)
at org.testng.TestNG.runSuitesLocally(TestNG.java:1137)
at org.testng.TestNG.runSuites(TestNG.java:1049)
at org.testng.TestNG.run(TestNG.java:1017)
at org.testng.remote.AbstractRemoteTestNG.run(AbstractRemoteTestNG.java:132)
at org.testng.remote.RemoteTestNG.initAndRun(RemoteTestNG.java:230)
at org.testng.remote.RemoteTestNG.main(RemoteTestNG.java:76)
]]>
    </failure>
  </testcase> <!-- buyDress_MaxRate -->
</testsuite> <!-- Default test -->
