<html>
<head>
<title>TestNG:  Login, Find the most expensive dress and add it to the cart, Logout, Login, verify the cart</title>
<link href="../testng.css" rel="stylesheet" type="text/css" />
<link href="../my-testng.css" rel="stylesheet" type="text/css" />

<style type="text/css">
.log { display: none;} 
.stack-trace { display: none;} 
</style>
<script type="text/javascript">
<!--
function flip(e) {
  current = e.style.display;
  if (current == 'block') {
    e.style.display = 'none';
    return 0;
  }
  else {
    e.style.display = 'block';
    return 1;
  }
}

function toggleBox(szDivId, elem, msg1, msg2)
{
  var res = -1;  if (document.getElementById) {
    res = flip(document.getElementById(szDivId));
  }
  else if (document.all) {
    // this is the way old msie versions work
    res = flip(document.all[szDivId]);
  }
  if(elem) {
    if(res == 0) elem.innerHTML = msg1; else elem.innerHTML = msg2;
  }

}

function toggleAllBoxes() {
  if (document.getElementsByTagName) {
    d = document.getElementsByTagName('div');
    for (i = 0; i < d.length; i++) {
      if (d[i].className == 'log') {
        flip(d[i]);
      }
    }
  }
}

// -->
</script>

</head>
<body>
<h2 align='center'>Login, Find the most expensive dress and add it to the cart, Logout, Login, verify the cart</h2><table border='1' align="center">
<tr>
<td>Tests passed/Failed/Skipped:</td><td>1/1/0</td>
</tr><tr>
<td>Started on:</td><td>Thu Jan 31 11:41:40 GMT 2019</td>
</tr>
<tr><td>Total time:</td><td>22 seconds (22713 ms)</td>
</tr><tr>
<td>Included groups:</td><td></td>
</tr><tr>
<td>Excluded groups:</td><td></td>
</tr>
</table><p/>
<small><i>(Hover the method name to see the test class name)</i></small><p/>
<table width='100%' border='1' class='invocation-failed'>
<tr><td colspan='4' align='center'><b>FAILED TESTS</b></td></tr>
<tr><td><b>Test method</b></td>
<td width="30%"><b>Exception</b></td>
<td width="10%"><b>Time (seconds)</b></td>
<td><b>Instance</b></td>
</tr>
<tr>
<td title='CapGemini.AutomationPractice.Shop_Dresses_Test.buyDress_MaxRate()'><b>buyDress_MaxRate</b><br>Test class: CapGemini.AutomationPractice.Shop_Dresses_Test<br>Parameters: maruthi.thammineni@gmail.com, Capgemini<br/>
<a href="#Output-1673916398" onClick='toggleBox("Output-1673916398", this, "Show output", "Hide output");'>Show output</a>

<a href="#Output-1673916398" onClick="toggleAllBoxes();">Show all outputs</a>
<div class='log' id="Output-1673916398">
Clicked on element with identification : By.linkText: Sign in<br/>
Text box value set as : maruthi.thammineni@gmail.com<br/>
Text box value set as : Capgemini<br/>
Clicked on element with identification : By.name: SubmitLogin<br/>
Login successful: Welcome to your account. Here you can manage all of your personal information and orders.<br/>
Max Price found on the website : 50.99<br/>
Text box value set as : 1<br/>
Clicked on element with identification : By.name: Submit<br/>
Clicked on element with identification : By.xpath: //span[@title = 'Continue shopping']<br/>
1 Dress added to the cart with amount : 50.99<br/>
 Product count in the cart matches : 1<br/>
Clicked on element with identification : By.xpath: //a[@title='Log me out']<br/>
Logged out from the account successfully !!!<br/>
Clicked on element with identification : By.linkText: Sign in<br/>
Text box value set as : maruthi.thammineni@gmail.com<br/>
Text box value set as : Capgemini<br/>
Clicked on element with identification : By.name: SubmitLogin<br/>
Login successful: Welcome to your account. Here you can manage all of your personal information and orders.<br/>
</div>
</td>
<td><div><pre>java.lang.AssertionError:  Product count in the cart does not match. Expected : 1 Actual : 
	at CapGemini.AutomationPractice.Home_Page.checkCart_ProductCount(Home_Page.java:139)
	at CapGemini.AutomationPractice.Shop_Dresses_Test.buyDress_MaxRate(Shop_Dresses_Test.java:31)
... Removed 26 stack frames</pre></div><a href='#' onClick='toggleBox("stack-trace1673916398", this, "Click to show all stack frames", "Click to hide stack frames")'>Click to show all stack frames</a>
<div class='stack-trace' id='stack-trace1673916398'><pre>java.lang.AssertionError:  Product count in the cart does not match. Expected : 1 Actual : 
	at org.testng.Assert.fail(Assert.java:96)
	at CapGemini.AutomationPractice.Home_Page.checkCart_ProductCount(Home_Page.java:139)
	at CapGemini.AutomationPractice.Shop_Dresses_Test.buyDress_MaxRate(Shop_Dresses_Test.java:31)
	at sun.reflect.NativeMethodAccessorImpl.invoke0(Native Method)
	at sun.reflect.NativeMethodAccessorImpl.invoke(NativeMethodAccessorImpl.java:62)
	at sun.reflect.DelegatingMethodAccessorImpl.invoke(DelegatingMethodAccessorImpl.java:43)
	at java.lang.reflect.Method.invoke(Method.java:498)
	at org.testng.internal.MethodInvocationHelper.invokeMethod(MethodInvocationHelper.java:124)
	at org.testng.internal.Invoker.invokeMethod(Invoker.java:583)
	at org.testng.internal.Invoker.invokeTestMethod(Invoker.java:719)
	at org.testng.internal.Invoker.invokeTestMethods(Invoker.java:989)
	at org.testng.internal.TestMethodWorker.invokeTestMethods(TestMethodWorker.java:125)
	at org.testng.internal.TestMethodWorker.run(TestMethodWorker.java:109)
	at org.testng.TestRunner.privateRun(TestRunner.java:648)
	at org.testng.TestRunner.run(TestRunner.java:505)
	at org.testng.SuiteRunner.runTest(SuiteRunner.java:455)
	at org.testng.SuiteRunner.runSequentially(SuiteRunner.java:450)
	at org.testng.SuiteRunner.privateRun(SuiteRunner.java:415)
	at org.testng.SuiteRunner.run(SuiteRunner.java:364)
	at org.testng.SuiteRunnerWorker.runSuite(SuiteRunnerWorker.java:52)
	at org.testng.SuiteRunnerWorker.run(SuiteRunnerWorker.java:84)
	at org.testng.TestNG.runSuitesSequentially(TestNG.java:1208)
	at org.testng.TestNG.runSuitesLocally(TestNG.java:1137)
	at org.testng.TestNG.runSuites(TestNG.java:1049)
	at org.testng.TestNG.run(TestNG.java:1017)
	at org.testng.remote.AbstractRemoteTestNG.run(AbstractRemoteTestNG.java:132)
	at org.testng.remote.RemoteTestNG.initAndRun(RemoteTestNG.java:230)
	at org.testng.remote.RemoteTestNG.main(RemoteTestNG.java:76)
</pre></div></td>
<td>19</td>
<td>CapGemini.AutomationPractice.Shop_Dresses_Test@14bf9759</td></tr>
</table><p>
<table width='100%' border='1' class='invocation-passed'>
<tr><td colspan='4' align='center'><b>PASSED TESTS</b></td></tr>
<tr><td><b>Test method</b></td>
<td width="30%"><b>Exception</b></td>
<td width="10%"><b>Time (seconds)</b></td>
<td><b>Instance</b></td>
</tr>
<tr>
<td title='CapGemini.AutomationPractice.Shop_Dresses_Test.Setup()'><b>Setup</b><br>Test class: CapGemini.AutomationPractice.Shop_Dresses_Test</td>
<td></td>
<td>2</td>
<td>CapGemini.AutomationPractice.Shop_Dresses_Test@14bf9759</td></tr>
</table><p>
</body>
</html>